<?xml version="1.0" encoding="UTF-8"?>
<!-- Generated by org.testng.reporters.JUnitReportReporter -->
<testsuite hostname="kajal-verma" failures="0" tests="1" name="org.testing.testscript.TC1_youtube" time="60.711" errors="0" timestamp="2025-05-05T12:44:45 IST" skipped="0">
  <testcase classname="org.testing.testscript.TC1_youtube" name="tc1" time="60.711"/>
</testsuite> <!-- org.testing.testscript.TC1_youtube -->
