<?xml version="1.0" encoding="UTF-8"?>
<!-- Generated by org.testng.reporters.JUnitReportReporter -->
<testsuite hostname="kajal-verma" failures="0" tests="1" name="org.testing.testscript.TC2_youtube" time="36.815" errors="0" timestamp="2025-05-17T09:32:43 IST" skipped="0">
  <testcase classname="org.testing.testscript.TC2_youtube" name="tc2" time="36.815"/>
</testsuite> <!-- org.testing.testscript.TC2_youtube -->
