<?xml version="1.0" encoding="UTF-8"?>
<!-- Generated by org.testng.reporters.JUnitReportReporter -->
<testsuite hostname="kajal-verma" failures="0" tests="1" name="org.testing.testscript.TC9_youtube" time="88.233" errors="0" timestamp="2025-05-10T10:19:25 IST" skipped="0">
  <testcase classname="org.testing.testscript.TC9_youtube" name="tc9" time="88.233"/>
</testsuite> <!-- org.testing.testscript.TC9_youtube -->
