<?xml version="1.0" encoding="UTF-8"?>
<!-- Generated by org.testng.reporters.JUnitReportReporter -->
<testsuite hostname="kajal-verma" failures="0" tests="1" name="org.testing.testscript.TC8_youtube" time="50.744" errors="0" timestamp="2025-05-05T12:44:45 IST" skipped="0">
  <testcase classname="org.testing.testscript.TC8_youtube" name="tc8" time="50.744"/>
</testsuite> <!-- org.testing.testscript.TC8_youtube -->
