<?xml version="1.0" encoding="UTF-8"?>
<!-- Generated by org.testng.reporters.JUnitReportReporter -->
<testsuite hostname="kajal-verma" failures="0" tests="1" name="org.testing.testscript.TC6_youtube" time="66.493" errors="0" timestamp="2025-05-05T12:49:03 IST" skipped="0">
  <testcase classname="org.testing.testscript.TC6_youtube" name="tc6" time="66.493"/>
</testsuite> <!-- org.testing.testscript.TC6_youtube -->
