<?xml version="1.0" encoding="UTF-8"?>
<!-- Generated by org.testng.reporters.JUnitReportReporter -->
<testsuite hostname="kajal-verma" failures="0" tests="1" name="org.testing.testscript.TC8_youtube" time="28.747" errors="0" timestamp="2025-05-04T11:31:06 IST" skipped="0">
  <testcase classname="org.testing.testscript.TC8_youtube" name="tc8" time="28.747"/>
</testsuite> <!-- org.testing.testscript.TC8_youtube -->
