<?xml version="1.0" encoding="UTF-8"?>
<!-- Generated by org.testng.reporters.JUnitReportReporter -->
<testsuite hostname="kajal-verma" failures="0" tests="1" name="org.testing.testscript.TC5_youtube" time="42.253" errors="0" timestamp="2025-05-09T12:08:13 IST" skipped="0">
  <testcase classname="org.testing.testscript.TC5_youtube" name="tc5" time="42.253"/>
</testsuite> <!-- org.testing.testscript.TC5_youtube -->
