<?xml version="1.0" encoding="UTF-8"?>
<!-- Generated by org.testng.reporters.JUnitReportReporter -->
<testsuite hostname="kajal-verma" failures="0" tests="1" name="org.testing.testscript.TC6_youtube" time="41.146" errors="0" timestamp="2025-05-09T12:08:13 IST" skipped="0">
  <testcase classname="org.testing.testscript.TC6_youtube" name="tc6" time="41.146"/>
</testsuite> <!-- org.testing.testscript.TC6_youtube -->
