<?xml version="1.0" encoding="UTF-8"?>
<!-- Generated by org.testng.reporters.JUnitReportReporter -->
<testsuite hostname="kajal-verma" failures="0" tests="1" name="org.testing.testscript.TC8_youtube" time="30.242" errors="0" timestamp="2025-05-09T12:08:13 IST" skipped="0">
  <testcase classname="org.testing.testscript.TC8_youtube" name="tc8" time="30.242"/>
</testsuite> <!-- org.testing.testscript.TC8_youtube -->
